2
2
8
23
41
123
126
567
671
732
awk: read error (Is a directory)
INFO: [XSIM 43-3496] Using init file passed via -initfile option "/mnt/B4A0CD3FA0CD08B6/Embedded/Vivado/2017.2/data/xsim/ip/xsim_ip.ini".
Vivado Simulator 2017.2
Copyright 1986-1999, 2001-2016 Xilinx, Inc. All Rights Reserved.
Running: /mnt/B4A0CD3FA0CD08B6/Embedded/Vivado/2017.2/bin/unwrapped/lnx64.o/xelab xil_defaultlib.apatb_mergesort_top -prj mergesort.prj -L axi_protocol_checker_v1_1_12 -L axi_protocol_checker_v1_1_13 -L axis_protocol_checker_v1_1_11 -L axis_protocol_checker_v1_1_12 --initfile /mnt/B4A0CD3FA0CD08B6/Embedded/Vivado/2017.2/data/xsim/ip/xsim_ip.ini --lib ieee_proposed=./ieee_proposed -s mergesort 
Multi-threading is on. Using 6 slave threads.
Determining compilation order of HDL files.
WARNING: [XSIM 43-3431] One or more environment variables have been detected which affect the operation of the C compiler. These are typically not set in standard installations and are not tested by Xilinx, however they may be appropriate for your system, so the flow will attempt to continue.  If errors occur, try running fuse with the "-mt off -v 1" switches to see more information from the C compiler. The following environment variables have been detected:
    LIBRARY_PATH
INFO: [VRFC 10-163] Analyzing VHDL file "/home/angelo/Desktop/SistemiEmbedded/VivadoHLSProject/ProjectFolder/RTL_mergesort.prj/solution2/sim/vhdl/AESL_sim_pkg.vhd" into library xil_defaultlib
INFO: [VRFC 10-163] Analyzing VHDL file "/home/angelo/Desktop/SistemiEmbedded/VivadoHLSProject/ProjectFolder/RTL_mergesort.prj/solution2/sim/vhdl/mergesort.autotb.vhd" into library xil_defaultlib
INFO: [VRFC 10-307] analyzing entity apatb_mergesort_top
INFO: [VRFC 10-163] Analyzing VHDL file "/home/angelo/Desktop/SistemiEmbedded/VivadoHLSProject/ProjectFolder/RTL_mergesort.prj/solution2/sim/vhdl/mergesort.vhd" into library xil_defaultlib
INFO: [VRFC 10-307] analyzing entity mergesort
INFO: [VRFC 10-163] Analyzing VHDL file "/home/angelo/Desktop/SistemiEmbedded/VivadoHLSProject/ProjectFolder/RTL_mergesort.prj/solution2/sim/vhdl/mergesort_mux_104bkb.vhd" into library xil_defaultlib
INFO: [VRFC 10-307] analyzing entity mergesort_mux_104bkb
INFO: [VRFC 10-163] Analyzing VHDL file "/home/angelo/Desktop/SistemiEmbedded/VivadoHLSProject/ProjectFolder/RTL_mergesort.prj/solution2/sim/vhdl/merge_x.vhd" into library xil_defaultlib
INFO: [VRFC 10-307] analyzing entity merge_x_ram
INFO: [VRFC 10-307] analyzing entity merge_x
INFO: [VRFC 10-163] Analyzing VHDL file "/home/angelo/Desktop/SistemiEmbedded/VivadoHLSProject/ProjectFolder/RTL_mergesort.prj/solution2/sim/vhdl/merge.vhd" into library xil_defaultlib
INFO: [VRFC 10-307] analyzing entity merge
Starting static elaboration
Completed static elaboration
Starting simulation data flow analysis
Completed simulation data flow analysis
Time Resolution for simulation is 1ps
Compiling package std.standard
Compiling package std.textio
Compiling package ieee.std_logic_1164
Compiling package ieee.std_logic_arith
Compiling package ieee.std_logic_unsigned
Compiling package ieee.numeric_std
Compiling package ieee.std_logic_textio
Compiling architecture rtl of entity xil_defaultlib.merge_x_ram [\merge_x_ram(1,11)\]
Compiling architecture arch of entity xil_defaultlib.merge_x [merge_x_default]
Compiling architecture rtl of entity xil_defaultlib.mergesort_mux_104bkb [\mergesort_mux_104bkb(id=1,din1_...]
Compiling architecture behav of entity xil_defaultlib.merge [merge_default]
Compiling architecture behav of entity xil_defaultlib.mergesort [mergesort_default]
Compiling architecture behav of entity xil_defaultlib.apatb_mergesort_top
Built simulation snapshot mergesort
awk: read error (Is a directory)

****** Webtalk v2017.2 (64-bit)
  **** SW Build 1909853 on Thu Jun 15 18:39:10 MDT 2017
  **** IP Build 1909766 on Thu Jun 15 19:58:00 MDT 2017
    ** Copyright 1986-2017 Xilinx, Inc. All Rights Reserved.

source /home/angelo/Desktop/SistemiEmbedded/VivadoHLSProject/ProjectFolder/RTL_mergesort.prj/solution2/sim/vhdl/xsim.dir/mergesort/webtalk/xsim_webtalk.tcl -notrace
INFO: [Common 17-186] '/home/angelo/Desktop/SistemiEmbedded/VivadoHLSProject/ProjectFolder/RTL_mergesort.prj/solution2/sim/vhdl/xsim.dir/mergesort/webtalk/usage_statistics_ext_xsim.xml' has been successfully sent to Xilinx on Thu Mar  1 00:55:55 2018. For additional details about this file, please refer to the WebTalk help file at /mnt/B4A0CD3FA0CD08B6/Embedded/Vivado/2017.2/doc/webtalk_introduction.html.
INFO: [Common 17-206] Exiting Webtalk at Thu Mar  1 00:55:55 2018...
awk: read error (Is a directory)

****** xsim v2017.2 (64-bit)
  **** SW Build 1909853 on Thu Jun 15 18:39:10 MDT 2017
  **** IP Build 1909766 on Thu Jun 15 19:58:00 MDT 2017
    ** Copyright 1986-2017 Xilinx, Inc. All Rights Reserved.

source xsim.dir/mergesort/xsim_script.tcl
# xsim {mergesort} -autoloadwcfg -tclbatch {mergesort.tcl}
Vivado Simulator 2017.2
Time resolution is 1 ps
source mergesort.tcl
## run all
Note: simulation done!
Time: 2265 ns  Iteration: 1  Process: /apatb_mergesort_top/generate_sim_done_proc  File: /home/angelo/Desktop/SistemiEmbedded/VivadoHLSProject/ProjectFolder/RTL_mergesort.prj/solution2/sim/vhdl/mergesort.autotb.vhd
Failure: NORMAL EXIT (note: failure is to force the simulator to stop)
Time: 2265 ns  Iteration: 1  Process: /apatb_mergesort_top/generate_sim_done_proc  File: /home/angelo/Desktop/SistemiEmbedded/VivadoHLSProject/ProjectFolder/RTL_mergesort.prj/solution2/sim/vhdl/mergesort.autotb.vhd
$finish called at time : 2265 ns
## quit
INFO: [Common 17-206] Exiting xsim at Thu Mar  1 00:56:04 2018...
2
2
8
23
41
123
126
567
671
732
