INFO: [SIM 2] *************** CSIM start ***************
INFO: [SIM 4] CSIM will launch GCC as the compiler.
   Compiling(apcc) ../../../../gcd_test.c in debug mode
awk: read error (Is a directory)
INFO: [HLS 200-10] Running '/home/elva/Programs/Xilinx/Vivado_HLS/2017.2/bin/unwrapped/lnx64.o/apcc'
INFO: [HLS 200-10] For user 'elva' on host 'Michele-PC' (Linux_x86_64 version 4.13.0-36-generic) on Thu Mar 01 11:14:55 CET 2018
INFO: [HLS 200-10] On os elementary OS 0.4.1 Loki
INFO: [HLS 200-10] In directory '/home/elva/Documents/ProgettoEmbedded/VivadoHLS/GCD/GCD/solution1/csim/build'
INFO: [APCC 202-3] Tmp directory is /tmp/apcc_db_elva/247771519899295533327
INFO: [APCC 202-1] APCC is done.
   Compiling(apcc) ../../../../gcd.c in debug mode
awk: read error (Is a directory)
INFO: [HLS 200-10] Running '/home/elva/Programs/Xilinx/Vivado_HLS/2017.2/bin/unwrapped/lnx64.o/apcc'
INFO: [HLS 200-10] For user 'elva' on host 'Michele-PC' (Linux_x86_64 version 4.13.0-36-generic) on Thu Mar 01 11:14:56 CET 2018
INFO: [HLS 200-10] On os elementary OS 0.4.1 Loki
INFO: [HLS 200-10] In directory '/home/elva/Documents/ProgettoEmbedded/VivadoHLS/GCD/GCD/solution1/csim/build'
INFO: [APCC 202-3] Tmp directory is /tmp/apcc_db_elva/248321519899296212617
INFO: [APCC 202-1] APCC is done.
   Generating csim.exe
2.0
INFO: [SIM 1] CSim done with 0 errors.
INFO: [SIM 3] *************** CSIM finish ***************
