awk: read error (Is a directory)
INFO: [HLS 200-10] Running '/home/elva/Programs/Xilinx/Vivado_HLS/2017.2/bin/unwrapped/lnx64.o/vivado_hls'
INFO: [HLS 200-10] For user 'elva' on host 'Michele-PC' (Linux_x86_64 version 4.13.0-36-generic) on Thu Mar 01 11:18:22 CET 2018
INFO: [HLS 200-10] On os elementary OS 0.4.1 Loki
INFO: [HLS 200-10] In directory '/home/elva/Documents/ProgettoEmbedded/VivadoHLS/GCD'
INFO: [HLS 200-10] Opening project '/home/elva/Documents/ProgettoEmbedded/VivadoHLS/GCD/GCD'.
INFO: [HLS 200-10] Opening solution '/home/elva/Documents/ProgettoEmbedded/VivadoHLS/GCD/GCD/solution1'.
INFO: [SYN 201-201] Setting up clock 'default' with a period of 10ns.
INFO: [HLS 200-10] Setting target device to 'xc7z020clg484-1'
INFO: [COSIM 212-47] Using XSIM for RTL simulation.
INFO: [COSIM 212-14] Instrumenting C test bench ...
   Build using "/home/elva/Programs/Xilinx/Vivado_HLS/2017.2/lnx64/tools/gcc/bin/g++"
   Compiling apatb_gcd.cpp
   Compiling (apcc) gcd_test.c_pre.c.tb.c
awk: read error (Is a directory)
INFO: [HLS 200-10] Running '/home/elva/Programs/Xilinx/Vivado_HLS/2017.2/bin/unwrapped/lnx64.o/apcc'
INFO: [HLS 200-10] For user 'elva' on host 'Michele-PC' (Linux_x86_64 version 4.13.0-36-generic) on Thu Mar 01 11:18:24 CET 2018
INFO: [HLS 200-10] On os elementary OS 0.4.1 Loki
INFO: [HLS 200-10] In directory '/home/elva/Documents/ProgettoEmbedded/VivadoHLS/GCD/GCD/solution1/sim/wrapc'
clang: warning: argument unused during compilation: '-fno-builtin-isinf'
clang: warning: argument unused during compilation: '-fno-builtin-isnan'
INFO: [APCC 202-3] Tmp directory is /tmp/apcc_db_elva/281921519899504759930
INFO: [APCC 202-1] APCC is done.
   Compiling (apcc) gcd.c_pre.c.tb.c
awk: read error (Is a directory)
INFO: [HLS 200-10] Running '/home/elva/Programs/Xilinx/Vivado_HLS/2017.2/bin/unwrapped/lnx64.o/apcc'
INFO: [HLS 200-10] For user 'elva' on host 'Michele-PC' (Linux_x86_64 version 4.13.0-36-generic) on Thu Mar 01 11:18:25 CET 2018
INFO: [HLS 200-10] On os elementary OS 0.4.1 Loki
INFO: [HLS 200-10] In directory '/home/elva/Documents/ProgettoEmbedded/VivadoHLS/GCD/GCD/solution1/sim/wrapc'
clang: warning: argument unused during compilation: '-fno-builtin-isinf'
clang: warning: argument unused during compilation: '-fno-builtin-isnan'
INFO: [APCC 202-3] Tmp directory is /tmp/apcc_db_elva/282451519899505367639
INFO: [APCC 202-1] APCC is done.
   Generating cosim.tv.exe
INFO: [COSIM 212-302] Starting C TB testing ... 
2.0INFO: [COSIM 212-333] Generating C post check test bench ...
INFO: [COSIM 212-12] Generating RTL test bench ...
INFO: [COSIM 212-322] Starting VHDL simulation. 
INFO: [COSIM 212-15] Starting XSIM ...
awk: read error (Is a directory)
INFO: [XSIM 43-3496] Using init file passed via -initfile option "/home/elva/Programs/Xilinx/Vivado/2017.2/data/xsim/ip/xsim_ip.ini".
Vivado Simulator 2017.2
Copyright 1986-1999, 2001-2016 Xilinx, Inc. All Rights Reserved.
Running: /home/elva/Programs/Xilinx/Vivado/2017.2/bin/unwrapped/lnx64.o/xelab xil_defaultlib.apatb_gcd_top -prj gcd.prj -L axi_protocol_checker_v1_1_12 -L axi_protocol_checker_v1_1_13 -L axis_protocol_checker_v1_1_11 -L axis_protocol_checker_v1_1_12 --initfile /home/elva/Programs/Xilinx/Vivado/2017.2/data/xsim/ip/xsim_ip.ini --lib ieee_proposed=./ieee_proposed -s gcd 
Multi-threading is on. Using 6 slave threads.
Determining compilation order of HDL files.
WARNING: [XSIM 43-3431] One or more environment variables have been detected which affect the operation of the C compiler. These are typically not set in standard installations and are not tested by Xilinx, however they may be appropriate for your system, so the flow will attempt to continue.  If errors occur, try running fuse with the "-mt off -v 1" switches to see more information from the C compiler. The following environment variables have been detected:
    LIBRARY_PATH
INFO: [VRFC 10-163] Analyzing VHDL file "/home/elva/Documents/ProgettoEmbedded/VivadoHLS/GCD/GCD/solution1/sim/vhdl/AESL_sim_pkg.vhd" into library xil_defaultlib
INFO: [VRFC 10-163] Analyzing VHDL file "/home/elva/Documents/ProgettoEmbedded/VivadoHLS/GCD/GCD/solution1/sim/vhdl/ip/xil_defaultlib/gcd_ap_fcmp_0_no_dsp_32.vhd" into library xil_defaultlib
INFO: [VRFC 10-307] analyzing entity gcd_ap_fcmp_0_no_dsp_32
INFO: [VRFC 10-163] Analyzing VHDL file "/home/elva/Documents/ProgettoEmbedded/VivadoHLS/GCD/GCD/solution1/sim/vhdl/ip/xil_defaultlib/gcd_ap_fsub_3_full_dsp_32.vhd" into library xil_defaultlib
INFO: [VRFC 10-307] analyzing entity gcd_ap_fsub_3_full_dsp_32
INFO: [VRFC 10-163] Analyzing VHDL file "/home/elva/Documents/ProgettoEmbedded/VivadoHLS/GCD/GCD/solution1/sim/vhdl/gcd.vhd" into library xil_defaultlib
INFO: [VRFC 10-307] analyzing entity gcd
INFO: [VRFC 10-163] Analyzing VHDL file "/home/elva/Documents/ProgettoEmbedded/VivadoHLS/GCD/GCD/solution1/sim/vhdl/gcd.autotb.vhd" into library xil_defaultlib
INFO: [VRFC 10-307] analyzing entity apatb_gcd_top
INFO: [VRFC 10-163] Analyzing VHDL file "/home/elva/Documents/ProgettoEmbedded/VivadoHLS/GCD/GCD/solution1/sim/vhdl/gcd_fsub_32ns_32nbkb.vhd" into library xil_defaultlib
INFO: [VRFC 10-307] analyzing entity gcd_fsub_32ns_32nbkb
INFO: [VRFC 10-163] Analyzing VHDL file "/home/elva/Documents/ProgettoEmbedded/VivadoHLS/GCD/GCD/solution1/sim/vhdl/gcd_fcmp_32ns_32ncud.vhd" into library xil_defaultlib
INFO: [VRFC 10-307] analyzing entity gcd_fcmp_32ns_32ncud
Starting static elaboration
WARNING: [VRFC 10-1303] range is empty (null range) [/wrk/2017.2/nightly/2017_06_15_1909853/packages/customer/vivado/data/ip/xilinx/mult_gen_v12_0/hdl/mult_gen_v12_0_vh_rfs.vhd:2255]
WARNING: [VRFC 10-1303] range is empty (null range) [/wrk/2017.2/nightly/2017_06_15_1909853/packages/customer/vivado/data/ip/xilinx/mult_gen_v12_0/hdl/mult_gen_v12_0_vh_rfs.vhd:2240]
WARNING: [VRFC 10-1303] range is empty (null range) [/wrk/2017.2/nightly/2017_06_15_1909853/packages/customer/vivado/data/ip/xilinx/floating_point_v7_1/hdl/floating_point_v7_1_vh_rfs.vhd:90362]
WARNING: [VRFC 10-1303] range is empty (null range) [/wrk/2017.2/nightly/2017_06_15_1909853/packages/customer/vivado/data/ip/xilinx/xbip_pipe_v3_0/hdl/xbip_pipe_v3_0_vh_rfs.vhd:375]
WARNING: [VRFC 10-1303] range is empty (null range) [/wrk/2017.2/nightly/2017_06_15_1909853/packages/customer/vivado/data/ip/xilinx/floating_point_v7_1/hdl/floating_point_v7_1_vh_rfs.vhd:12604]
WARNING: [VRFC 10-1303] range is empty (null range) [/wrk/2017.2/nightly/2017_06_15_1909853/packages/customer/vivado/data/ip/xilinx/floating_point_v7_1/hdl/floating_point_v7_1_vh_rfs.vhd:12604]
WARNING: [VRFC 10-1303] range is empty (null range) [/wrk/2017.2/nightly/2017_06_15_1909853/packages/customer/vivado/data/ip/xilinx/xbip_pipe_v3_0/hdl/xbip_pipe_v3_0_vh_rfs.vhd:375]
WARNING: [VRFC 10-1303] range is empty (null range) [/wrk/2017.2/nightly/2017_06_15_1909853/packages/customer/vivado/data/ip/xilinx/xbip_pipe_v3_0/hdl/xbip_pipe_v3_0_vh_rfs.vhd:375]
WARNING: [VRFC 10-1303] range is empty (null range) [/wrk/2017.2/nightly/2017_06_15_1909853/packages/customer/vivado/data/ip/xilinx/xbip_pipe_v3_0/hdl/xbip_pipe_v3_0_vh_rfs.vhd:375]
WARNING: [VRFC 10-1303] range is empty (null range) [/wrk/2017.2/nightly/2017_06_15_1909853/packages/customer/vivado/data/ip/xilinx/xbip_pipe_v3_0/hdl/xbip_pipe_v3_0_vh_rfs.vhd:375]
WARNING: [VRFC 10-1303] range is empty (null range) [/wrk/2017.2/nightly/2017_06_15_1909853/packages/customer/vivado/data/ip/xilinx/xbip_pipe_v3_0/hdl/xbip_pipe_v3_0_vh_rfs.vhd:375]
WARNING: [VRFC 10-1303] range is empty (null range) [/wrk/2017.2/nightly/2017_06_15_1909853/packages/customer/vivado/data/ip/xilinx/xbip_pipe_v3_0/hdl/xbip_pipe_v3_0_vh_rfs.vhd:375]
WARNING: [VRFC 10-1303] range is empty (null range) [/wrk/2017.2/nightly/2017_06_15_1909853/packages/customer/vivado/data/ip/xilinx/floating_point_v7_1/hdl/floating_point_v7_1_vh_rfs.vhd:12604]
WARNING: [VRFC 10-1303] range is empty (null range) [/wrk/2017.2/nightly/2017_06_15_1909853/packages/customer/vivado/data/ip/xilinx/floating_point_v7_1/hdl/floating_point_v7_1_vh_rfs.vhd:12604]
WARNING: [VRFC 10-1303] range is empty (null range) [/wrk/2017.2/nightly/2017_06_15_1909853/packages/customer/vivado/data/ip/xilinx/floating_point_v7_1/hdl/floating_point_v7_1_vh_rfs.vhd:12604]
WARNING: [VRFC 10-1303] range is empty (null range) [/wrk/2017.2/nightly/2017_06_15_1909853/packages/customer/vivado/data/ip/xilinx/floating_point_v7_1/hdl/floating_point_v7_1_vh_rfs.vhd:12604]
WARNING: [VRFC 10-1303] range is empty (null range) [/wrk/2017.2/nightly/2017_06_15_1909853/packages/customer/vivado/data/ip/xilinx/floating_point_v7_1/hdl/floating_point_v7_1_vh_rfs.vhd:13629]
WARNING: [VRFC 10-982] library name floating_point_v7_1_4 of instantiated unit conflicts with visible identifier [ip/xil_defaultlib/gcd_ap_fsub_3_full_dsp_32.vhd:189]
WARNING: [VRFC 10-1303] range is empty (null range) [/wrk/2017.2/nightly/2017_06_15_1909853/packages/customer/vivado/data/ip/xilinx/floating_point_v7_1/hdl/floating_point_v7_1_vh_rfs.vhd:90362]
WARNING: [VRFC 10-1303] range is empty (null range) [/wrk/2017.2/nightly/2017_06_15_1909853/packages/customer/vivado/data/ip/xilinx/floating_point_v7_1/hdl/floating_point_v7_1_vh_rfs.vhd:13629]
WARNING: [VRFC 10-982] library name floating_point_v7_1_4 of instantiated unit conflicts with visible identifier [ip/xil_defaultlib/gcd_ap_fcmp_0_no_dsp_32.vhd:189]
Completed static elaboration
Starting simulation data flow analysis
Completed simulation data flow analysis
Time Resolution for simulation is 1ps
Compiling package std.standard
Compiling package std.textio
Compiling package ieee.std_logic_1164
Compiling package ieee.std_logic_arith
Compiling package ieee.std_logic_unsigned
Compiling package ieee.numeric_std
Compiling package ieee.std_logic_textio
Compiling package floating_point_v7_1_4.floating_point_v7_1_4_viv_comp
Compiling package xbip_utils_v3_0_7.xbip_utils_v3_0_7_pkg
Compiling package axi_utils_v2_0_3.axi_utils_v2_0_3_pkg
Compiling package floating_point_v7_1_4.floating_point_v7_1_4_consts
Compiling package ieee.math_real
Compiling package floating_point_v7_1_4.floating_point_v7_1_4_exp_table_...
Compiling package mult_gen_v12_0_12.mult_gen_v12_0_12_pkg
Compiling package ieee.std_logic_signed
Compiling package floating_point_v7_1_4.floating_point_v7_1_4_pkg
Compiling package floating_point_v7_1_4.flt_utils
Compiling package xbip_pipe_v3_0_3.xbip_pipe_v3_0_3_viv_comp
Compiling package unisim.vcomponents
Compiling package ieee.vital_timing
Compiling package ieee.vital_primitives
Compiling package unisim.vpkg
Compiling architecture muxcy_v of entity unisim.MUXCY [muxcy_default]
Compiling architecture synth of entity xbip_pipe_v3_0_3.xbip_pipe_v3_0_3_viv [\xbip_pipe_v3_0_3_viv(c_has_ce=1...]
Compiling architecture rtl of entity floating_point_v7_1_4.delay [\delay(width=7,length=0)\]
Compiling architecture struct of entity floating_point_v7_1_4.carry_chain [\carry_chain(c_xdevicefamily="zy...]
Compiling architecture synth of entity floating_point_v7_1_4.compare_eq_im [\compare_eq_im(c_xdevicefamily="...]
Compiling architecture xorcy_v of entity unisim.XORCY [xorcy_default]
Compiling architecture struct of entity floating_point_v7_1_4.carry_chain [\carry_chain(c_xdevicefamily="zy...]
Compiling architecture synth of entity xbip_pipe_v3_0_3.xbip_pipe_v3_0_3_viv [\xbip_pipe_v3_0_3_viv(c_has_ce=1...]
Compiling architecture rtl of entity floating_point_v7_1_4.delay [\delay(length=0)\]
Compiling architecture synth of entity xbip_pipe_v3_0_3.xbip_pipe_v3_0_3_viv [\xbip_pipe_v3_0_3_viv(c_has_ce=1...]
Compiling architecture rtl of entity floating_point_v7_1_4.delay [\delay(width=24,length=0,fast_in...]
Compiling architecture synth of entity xbip_pipe_v3_0_3.xbip_pipe_v3_0_3_viv [\xbip_pipe_v3_0_3_viv(c_has_ce=1...]
Compiling architecture rtl of entity floating_point_v7_1_4.delay [\delay(width=16,length=0)\]
Compiling architecture synth of entity xbip_pipe_v3_0_3.xbip_pipe_v3_0_3_viv [\xbip_pipe_v3_0_3_viv(c_has_ce=1...]
Compiling architecture rtl of entity floating_point_v7_1_4.delay [\delay(width=4,length=0)\]
Compiling architecture synth of entity xbip_pipe_v3_0_3.xbip_pipe_v3_0_3_viv [\xbip_pipe_v3_0_3_viv(c_has_ce=1...]
Compiling architecture rtl of entity floating_point_v7_1_4.delay [\delay(width=48,length=0)\]
Compiling architecture synth of entity xbip_pipe_v3_0_3.xbip_pipe_v3_0_3_viv [\xbip_pipe_v3_0_3_viv(c_has_ce=1...]
Compiling architecture rtl of entity floating_point_v7_1_4.delay [\delay(width=24,length=0)\]
Compiling architecture dsp48e1_v of entity unisim.DSP48E1 [\DSP48E1(acascreg=0,adreg=0,alum...]
Compiling architecture rtl of entity floating_point_v7_1_4.dsp48e1_wrapper [\dsp48e1_wrapper(a_width=24,c_wi...]
Compiling architecture synth of entity xbip_pipe_v3_0_3.xbip_pipe_v3_0_3_viv [\xbip_pipe_v3_0_3_viv(c_latency=...]
Compiling architecture rtl of entity floating_point_v7_1_4.delay [delay_default]
Compiling architecture synth of entity xbip_pipe_v3_0_3.xbip_pipe_v3_0_3_viv [\xbip_pipe_v3_0_3_viv(c_has_ce=1...]
Compiling architecture rtl of entity floating_point_v7_1_4.delay [\delay(width=13,length=0)\]
Compiling architecture synth of entity xbip_pipe_v3_0_3.xbip_pipe_v3_0_3_viv [\xbip_pipe_v3_0_3_viv(c_has_ce=1...]
Compiling architecture rtl of entity floating_point_v7_1_4.delay [\delay(width=27,length=0)\]
Compiling architecture synth of entity floating_point_v7_1_4.align_add_dsp48e1_sgl [\align_add_dsp48e1_sgl(c_xdevice...]
Compiling architecture lut5_v of entity unisim.LUT5 [\LUT5(init="00000000000000001111...]
Compiling architecture lut5_v of entity unisim.LUT5 [\LUT5(init="00000000000000000000...]
Compiling architecture synth of entity xbip_pipe_v3_0_3.xbip_pipe_v3_0_3_viv [\xbip_pipe_v3_0_3_viv(c_has_ce=1...]
Compiling architecture rtl of entity floating_point_v7_1_4.delay [\delay(width=5,length=0)\]
Compiling architecture rtl of entity floating_point_v7_1_4.lead_zero_encode_shift [\lead_zero_encode_shift(ab_fw=24...]
Compiling architecture synth of entity xbip_pipe_v3_0_3.xbip_pipe_v3_0_3_viv [\xbip_pipe_v3_0_3_viv(c_has_ce=1...]
Compiling architecture rtl of entity floating_point_v7_1_4.delay [\delay(width=3,length=0)\]
Compiling architecture lut6_v of entity unisim.LUT6 [\LUT6(init="11111110010101001011...]
Compiling architecture lut5_v of entity unisim.LUT5 [\LUT5(init="00010001010111110000...]
Compiling architecture lut5_v of entity unisim.LUT5 [\LUT5(init="11101110101000001111...]
Compiling architecture synth of entity xbip_pipe_v3_0_3.xbip_pipe_v3_0_3_viv [\xbip_pipe_v3_0_3_viv(c_latency=...]
Compiling architecture rtl of entity floating_point_v7_1_4.delay [\delay(width=2)\]
Compiling architecture synth of entity xbip_pipe_v3_0_3.xbip_pipe_v3_0_3_viv [\xbip_pipe_v3_0_3_viv(c_has_ce=1...]
Compiling architecture rtl of entity floating_point_v7_1_4.delay [\delay(width=25,length=0)\]
Compiling architecture dsp48e1_v of entity unisim.DSP48E1 [\DSP48E1(adreg=0,alumodereg=0,ca...]
Compiling architecture rtl of entity floating_point_v7_1_4.dsp48e1_wrapper [\dsp48e1_wrapper(a_width=24,c_wi...]
Compiling architecture rtl of entity floating_point_v7_1_4.norm_and_round_dsp48e1_sgl [\norm_and_round_dsp48e1_sgl(c_mu...]
Compiling architecture lut5_v of entity unisim.LUT5 [\LUT5(init="10011001100110011001...]
Compiling architecture lut5_v of entity unisim.LUT5 [\LUT5(init="11111111000000001111...]
Compiling architecture synth of entity xbip_pipe_v3_0_3.xbip_pipe_v3_0_3_viv [\xbip_pipe_v3_0_3_viv(c_has_ce=1...]
Compiling architecture rtl of entity floating_point_v7_1_4.delay [\delay(width=9,length=0)\]
Compiling architecture struct of entity floating_point_v7_1_4.carry_chain [\carry_chain(c_xdevicefamily="zy...]
Compiling architecture synth of entity xbip_pipe_v3_0_3.xbip_pipe_v3_0_3_viv [\xbip_pipe_v3_0_3_viv(c_has_ce=1...]
Compiling architecture rtl of entity floating_point_v7_1_4.delay [\delay(width=8,length=0)\]
Compiling architecture synth of entity xbip_pipe_v3_0_3.xbip_pipe_v3_0_3_viv [\xbip_pipe_v3_0_3_viv(c_latency=...]
Compiling architecture rtl of entity floating_point_v7_1_4.delay [\delay(width=10)\]
Compiling architecture synth of entity xbip_pipe_v3_0_3.xbip_pipe_v3_0_3_viv [\xbip_pipe_v3_0_3_viv(c_has_ce=1...]
Compiling architecture rtl of entity floating_point_v7_1_4.delay [\delay(width=4,length=0,fast_inp...]
Compiling architecture fdre_v of entity unisim.FDRE [fdre_default]
Compiling architecture fde_v of entity unisim.FDE [fde_default]
Compiling architecture struct of entity floating_point_v7_1_4.carry_chain [\carry_chain(c_xdevicefamily="zy...]
Compiling architecture synth of entity floating_point_v7_1_4.compare_eq_im [\compare_eq_im(c_xdevicefamily="...]
Compiling architecture synth of entity xbip_pipe_v3_0_3.xbip_pipe_v3_0_3_viv [\xbip_pipe_v3_0_3_viv(c_latency=...]
Compiling architecture rtl of entity floating_point_v7_1_4.delay [\delay(fast_input=true)\]
Compiling architecture rtl of entity floating_point_v7_1_4.special_detect [\special_detect(c_xdevicefamily=...]
Compiling architecture struct of entity floating_point_v7_1_4.carry_chain [\carry_chain(c_xdevicefamily="zy...]
Compiling architecture synth of entity floating_point_v7_1_4.compare_gt [\compare_gt(c_xdevicefamily="zyn...]
Compiling architecture synth of entity floating_point_v7_1_4.compare [\compare(c_xdevicefamily="zynq",...]
Compiling architecture synth of entity xbip_pipe_v3_0_3.xbip_pipe_v3_0_3_viv [\xbip_pipe_v3_0_3_viv(c_latency=...]
Compiling architecture rtl of entity floating_point_v7_1_4.delay [\delay(width=8)\]
Compiling architecture synth of entity xbip_pipe_v3_0_3.xbip_pipe_v3_0_3_viv [\xbip_pipe_v3_0_3_viv(c_latency=...]
Compiling architecture rtl of entity floating_point_v7_1_4.delay [\delay(width=9)\]
Compiling architecture synth of entity xbip_pipe_v3_0_3.xbip_pipe_v3_0_3_viv [\xbip_pipe_v3_0_3_viv(c_latency=...]
Compiling architecture rtl of entity floating_point_v7_1_4.delay [\delay(width=2,length=2,fast_inp...]
Compiling architecture synth of entity xbip_pipe_v3_0_3.xbip_pipe_v3_0_3_viv [\xbip_pipe_v3_0_3_viv(c_latency=...]
Compiling architecture rtl of entity floating_point_v7_1_4.delay [\delay(length=2,fast_input=true)...]
Compiling architecture synth of entity xbip_pipe_v3_0_3.xbip_pipe_v3_0_3_viv [\xbip_pipe_v3_0_3_viv(c_has_ce=1...]
Compiling architecture rtl of entity floating_point_v7_1_4.delay [\delay(length=0,fast_input=true)...]
Compiling architecture synth of entity xbip_pipe_v3_0_3.xbip_pipe_v3_0_3_viv [\xbip_pipe_v3_0_3_viv(c_has_ce=1...]
Compiling architecture rtl of entity floating_point_v7_1_4.delay [\delay(width=2,length=0,fast_inp...]
Compiling architecture synth of entity xbip_pipe_v3_0_3.xbip_pipe_v3_0_3_viv [\xbip_pipe_v3_0_3_viv(c_has_ce=1...]
Compiling architecture rtl of entity floating_point_v7_1_4.delay [\delay(width=12,length=0)\]
Compiling architecture rtl of entity floating_point_v7_1_4.flt_add_exp_sp [\flt_add_exp_sp(c_xdevicefamily=...]
Compiling architecture synth of entity xbip_pipe_v3_0_3.xbip_pipe_v3_0_3_viv [\xbip_pipe_v3_0_3_viv(c_latency=...]
Compiling architecture rtl of entity floating_point_v7_1_4.delay [\delay(width=23)\]
Compiling architecture synth of entity floating_point_v7_1_4.flt_dec_op [\flt_dec_op(c_xdevicefamily="zyn...]
Compiling architecture rtl of entity floating_point_v7_1_4.flt_add_dsp [\flt_add_dsp(c_xdevicefamily="zy...]
Compiling architecture rtl of entity floating_point_v7_1_4.flt_add [\flt_add(c_xdevicefamily="zynq",...]
Compiling architecture synth of entity xbip_pipe_v3_0_3.xbip_pipe_v3_0_3_viv [\xbip_pipe_v3_0_3_viv(c_latency=...]
Compiling architecture synth of entity xbip_pipe_v3_0_3.xbip_pipe_v3_0_3_viv [\xbip_pipe_v3_0_3_viv(c_has_ce=1...]
Compiling architecture rtl of entity floating_point_v7_1_4.delay [\delay(width=32,length=0)\]
Compiling architecture xilinx of entity floating_point_v7_1_4.floating_point_v7_1_4_viv [\floating_point_v7_1_4_viv(c_xde...]
Compiling architecture xilinx of entity floating_point_v7_1_4.floating_point_v7_1_4 [\floating_point_v7_1_4(c_xdevice...]
Compiling architecture gcd_ap_fsub_3_full_dsp_32_arch of entity xil_defaultlib.gcd_ap_fsub_3_full_dsp_32 [gcd_ap_fsub_3_full_dsp_32_defaul...]
Compiling architecture arch of entity xil_defaultlib.gcd_fsub_32ns_32nbkb [gcd_fsub_32ns_32nbkb_default]
Compiling architecture struct of entity floating_point_v7_1_4.carry_chain [\carry_chain(c_xdevicefamily="zy...]
Compiling architecture synth of entity floating_point_v7_1_4.compare_eq_im [\compare_eq_im(c_xdevicefamily="...]
Compiling architecture struct of entity floating_point_v7_1_4.carry_chain [\carry_chain(c_xdevicefamily="zy...]
Compiling architecture synth of entity floating_point_v7_1_4.compare_ne_im [\compare_ne_im(c_xdevicefamily="...]
Compiling architecture synth of entity xbip_pipe_v3_0_3.xbip_pipe_v3_0_3_viv [\xbip_pipe_v3_0_3_viv(c_has_ce=1...]
Compiling architecture rtl of entity floating_point_v7_1_4.delay [\delay(width=2,length=0)\]
Compiling architecture struct of entity floating_point_v7_1_4.carry_chain [\carry_chain(c_xdevicefamily="zy...]
Compiling architecture synth of entity floating_point_v7_1_4.compare_eq_im [\compare_eq_im(c_xdevicefamily="...]
Compiling architecture synth of entity xbip_pipe_v3_0_3.xbip_pipe_v3_0_3_viv [\xbip_pipe_v3_0_3_viv(c_has_ce=1...]
Compiling architecture rtl of entity floating_point_v7_1_4.delay [\delay(width=11,length=0)\]
Compiling architecture struct of entity floating_point_v7_1_4.carry_chain [\carry_chain(c_xdevicefamily="zy...]
Compiling architecture synth of entity floating_point_v7_1_4.compare_eq [\compare_eq(c_xdevicefamily="zyn...]
Compiling architecture struct of entity floating_point_v7_1_4.carry_chain [\carry_chain(c_xdevicefamily="zy...]
Compiling architecture synth of entity floating_point_v7_1_4.compare_gt [\compare_gt(c_xdevicefamily="zyn...]
Compiling architecture rtl of entity floating_point_v7_1_4.fp_cmp [\fp_cmp(c_xdevicefamily="zynq",c...]
Compiling architecture xilinx of entity floating_point_v7_1_4.floating_point_v7_1_4_viv [\floating_point_v7_1_4_viv(c_xde...]
Compiling architecture xilinx of entity floating_point_v7_1_4.floating_point_v7_1_4 [\floating_point_v7_1_4(c_xdevice...]
Compiling architecture gcd_ap_fcmp_0_no_dsp_32_arch of entity xil_defaultlib.gcd_ap_fcmp_0_no_dsp_32 [gcd_ap_fcmp_0_no_dsp_32_default]
Compiling architecture arch of entity xil_defaultlib.gcd_fcmp_32ns_32ncud [\gcd_fcmp_32ns_32ncud(id=1)\]
Compiling architecture behav of entity xil_defaultlib.gcd [gcd_default]
Compiling architecture behav of entity xil_defaultlib.apatb_gcd_top
Built simulation snapshot gcd
awk: read error (Is a directory)

****** Webtalk v2017.2 (64-bit)
  **** SW Build 1909853 on Thu Jun 15 18:39:10 MDT 2017
  **** IP Build 1909766 on Thu Jun 15 19:58:00 MDT 2017
    ** Copyright 1986-2017 Xilinx, Inc. All Rights Reserved.

source /home/elva/Documents/ProgettoEmbedded/VivadoHLS/GCD/GCD/solution1/sim/vhdl/xsim.dir/gcd/webtalk/xsim_webtalk.tcl -notrace
webtalk_transmit: Time (s): cpu = 00:00:00.14 ; elapsed = 00:00:06 . Memory (MB): peak = 249.684 ; gain = 0.000 ; free physical = 11922 ; free virtual = 21575
INFO: [Common 17-206] Exiting Webtalk at Thu Mar  1 11:18:55 2018...
awk: read error (Is a directory)

****** xsim v2017.2 (64-bit)
  **** SW Build 1909853 on Thu Jun 15 18:39:10 MDT 2017
  **** IP Build 1909766 on Thu Jun 15 19:58:00 MDT 2017
    ** Copyright 1986-2017 Xilinx, Inc. All Rights Reserved.

source xsim.dir/gcd/xsim_script.tcl
# xsim {gcd} -autoloadwcfg -tclbatch {gcd.tcl}
Vivado Simulator 2017.2
Time resolution is 1 ps
source gcd.tcl
## run all
Warning: OPMODE Input Warning : The OPMODE 0110X0X with CARRYINSEL  000 to DSP48E1 instance is invalid.
Time: 100010 ps  Iteration: 0  Process: /apatb_gcd_top/AESL_inst_gcd/gcd_fsub_32ns_32nbkb_U1/gcd_ap_fsub_3_full_dsp_32_u/U0/i_synth/addsub_op/ADDSUB/speed_op/dsp/OP/dsp48e1_body/ALIGN_ADD/DSP2/DSP/prcs_opmode_drc  File: /wrk/2017.2/nightly/2017_06_15_1909853/data/vhdl/src/unisims/primitive/DSP48E1.vhd
Note: simulation done!
Time: 235 ns  Iteration: 1  Process: /apatb_gcd_top/generate_sim_done_proc  File: /home/elva/Documents/ProgettoEmbedded/VivadoHLS/GCD/GCD/solution1/sim/vhdl/gcd.autotb.vhd
Failure: NORMAL EXIT (note: failure is to force the simulator to stop)
Time: 235 ns  Iteration: 1  Process: /apatb_gcd_top/generate_sim_done_proc  File: /home/elva/Documents/ProgettoEmbedded/VivadoHLS/GCD/GCD/solution1/sim/vhdl/gcd.autotb.vhd
$finish called at time : 235 ns
## quit
INFO: [Common 17-206] Exiting xsim at Thu Mar  1 11:19:10 2018...
INFO: [COSIM 212-316] Starting C post checking ...
2.0INFO: [COSIM 212-1000] *** C/RTL co-simulation finished: PASS ***
INFO: [COSIM 212-211] II is measurable only when transaction number is greater than 1 in RTL simulation. Otherwise, they will be marked as all NA. If user wants to calculate them, please make sure there are at least 2 transactions in RTL simulation.
