INFO: [XSIM 43-3496] Using init file passed via -initfile option "/mnt/B4A0CD3FA0CD08B6/Embedded/Vivado/2017.2/data/xsim/ip/xsim_ip.ini".
Vivado Simulator 2017.2
Copyright 1986-1999, 2001-2016 Xilinx, Inc. All Rights Reserved.
Running: /mnt/B4A0CD3FA0CD08B6/Embedded/Vivado/2017.2/bin/unwrapped/lnx64.o/xelab xil_defaultlib.apatb_bubble_sort_top -prj bubble_sort.prj -L axi_protocol_checker_v1_1_12 -L axi_protocol_checker_v1_1_13 -L axis_protocol_checker_v1_1_11 -L axis_protocol_checker_v1_1_12 --initfile /mnt/B4A0CD3FA0CD08B6/Embedded/Vivado/2017.2/data/xsim/ip/xsim_ip.ini --lib ieee_proposed=./ieee_proposed -s bubble_sort 
Multi-threading is on. Using 6 slave threads.
Determining compilation order of HDL files.
WARNING: [XSIM 43-3431] One or more environment variables have been detected which affect the operation of the C compiler. These are typically not set in standard installations and are not tested by Xilinx, however they may be appropriate for your system, so the flow will attempt to continue.  If errors occur, try running fuse with the "-mt off -v 1" switches to see more information from the C compiler. The following environment variables have been detected:
INFO: [VRFC 10-163] Analyzing VHDL file "/home/angelo/Desktop/SistemiEmbedded/VivadoHLSProject/ProjectFolder/RTL_Bubblesort.prj/solution1/sim/vhdl/AESL_sim_pkg.vhd" into library xil_defaultlib
INFO: [VRFC 10-163] Analyzing VHDL file "/home/angelo/Desktop/SistemiEmbedded/VivadoHLSProject/ProjectFolder/RTL_Bubblesort.prj/solution1/sim/vhdl/bubble_sort.autotb.vhd" into library xil_defaultlib
INFO: [VRFC 10-307] analyzing entity apatb_bubble_sort_top
INFO: [VRFC 10-163] Analyzing VHDL file "/home/angelo/Desktop/SistemiEmbedded/VivadoHLSProject/ProjectFolder/RTL_Bubblesort.prj/solution1/sim/vhdl/AESL_automem_arr.vhd" into library xil_defaultlib
INFO: [VRFC 10-307] analyzing entity AESL_automem_arr
INFO: [VRFC 10-163] Analyzing VHDL file "/home/angelo/Desktop/SistemiEmbedded/VivadoHLSProject/ProjectFolder/RTL_Bubblesort.prj/solution1/sim/vhdl/bubble_sort.vhd" into library xil_defaultlib
INFO: [VRFC 10-307] analyzing entity bubble_sort
Starting static elaboration
WARNING: [VRFC 10-1303] range is empty (null range) [/proj/xhdhdstaff/saikatb/verific_integ/data/vhdl/src/ieee_2008/numeric_std-body.vhdl:3476]
Completed static elaboration
Starting simulation data flow analysis
Completed simulation data flow analysis
Time Resolution for simulation is 1ps
Compiling package std.standard
Compiling package std.textio
Compiling package ieee.std_logic_1164
Compiling package ieee.std_logic_arith
Compiling package ieee.std_logic_unsigned
Compiling package ieee.numeric_std
Compiling package ieee.std_logic_textio
Compiling architecture behav of entity xil_defaultlib.bubble_sort [bubble_sort_default]
Compiling architecture behav of entity xil_defaultlib.AESL_automem_arr [aesl_automem_arr_default]
Compiling architecture behav of entity xil_defaultlib.apatb_bubble_sort_top
Built simulation snapshot bubble_sort
