#-----------------------------------------------------------
# xsim v2017.2 (64-bit)
# SW Build 1909853 on Thu Jun 15 18:39:10 MDT 2017
# IP Build 1909766 on Thu Jun 15 19:58:00 MDT 2017
# Start of session at: Thu Mar  1 00:50:45 2018
# Process ID: 26227
# Current directory: /home/angelo/Desktop/SistemiEmbedded/VivadoHLSProject/ProjectFolder/RTL_Bubblesort.prj/solution1/sim/vhdl
# Command line: xsim -mode tcl -source {xsim.dir/bubble_sort/xsim_script.tcl}
# Log file: /home/angelo/Desktop/SistemiEmbedded/VivadoHLSProject/ProjectFolder/RTL_Bubblesort.prj/solution1/sim/vhdl/xsim.log
# Journal file: /home/angelo/Desktop/SistemiEmbedded/VivadoHLSProject/ProjectFolder/RTL_Bubblesort.prj/solution1/sim/vhdl/xsim.jou
#-----------------------------------------------------------
source xsim.dir/bubble_sort/xsim_script.tcl
# xsim {bubble_sort} -autoloadwcfg -tclbatch {bubble_sort.tcl}
Vivado Simulator 2017.2
Time resolution is 1 ps
source bubble_sort.tcl
## run all
Note: simulation done!
Time: 385 ns  Iteration: 1  Process: /apatb_bubble_sort_top/generate_sim_done_proc  File: /home/angelo/Desktop/SistemiEmbedded/VivadoHLSProject/ProjectFolder/RTL_Bubblesort.prj/solution1/sim/vhdl/bubble_sort.autotb.vhd
Failure: NORMAL EXIT (note: failure is to force the simulator to stop)
Time: 385 ns  Iteration: 1  Process: /apatb_bubble_sort_top/generate_sim_done_proc  File: /home/angelo/Desktop/SistemiEmbedded/VivadoHLSProject/ProjectFolder/RTL_Bubblesort.prj/solution1/sim/vhdl/bubble_sort.autotb.vhd
$finish called at time : 385 ns
## quit
INFO: [Common 17-206] Exiting xsim at Thu Mar  1 00:50:54 2018...
