   Build using "/home/elva/Programs/Xilinx/Vivado_HLS/2017.2/lnx64/tools/gcc/bin/g++"
   Compiling apatb_floyd_warshall.cpp
   Compiling (apcc) floyd_warshall_test.c_pre.c.tb.c
awk: read error (Is a directory)
INFO: [HLS 200-10] Running '/home/elva/Programs/Xilinx/Vivado_HLS/2017.2/bin/unwrapped/lnx64.o/apcc'
INFO: [HLS 200-10] For user 'elva' on host 'Michele-PC' (Linux_x86_64 version 4.13.0-36-generic) on Fri Mar 02 00:46:34 CET 2018
INFO: [HLS 200-10] On os elementary OS 0.4.1 Loki
INFO: [HLS 200-10] In directory '/home/elva/Documents/ProgettoEmbedded/VivadoHLS/FloydWarshall/FloydWarshall/solution1/sim/wrapc'
clang: warning: argument unused during compilation: '-fno-builtin-isinf'
clang: warning: argument unused during compilation: '-fno-builtin-isnan'
INFO: [APCC 202-3] Tmp directory is /tmp/apcc_db_elva/139581519947994905258
INFO: [APCC 202-1] APCC is done.
   Compiling (apcc) floyd_warshall.c_pre.c.tb.c
awk: read error (Is a directory)
INFO: [HLS 200-10] Running '/home/elva/Programs/Xilinx/Vivado_HLS/2017.2/bin/unwrapped/lnx64.o/apcc'
INFO: [HLS 200-10] For user 'elva' on host 'Michele-PC' (Linux_x86_64 version 4.13.0-36-generic) on Fri Mar 02 00:46:35 CET 2018
INFO: [HLS 200-10] On os elementary OS 0.4.1 Loki
INFO: [HLS 200-10] In directory '/home/elva/Documents/ProgettoEmbedded/VivadoHLS/FloydWarshall/FloydWarshall/solution1/sim/wrapc'
clang: warning: argument unused during compilation: '-fno-builtin-isinf'
clang: warning: argument unused during compilation: '-fno-builtin-isnan'
INFO: [APCC 202-3] Tmp directory is /tmp/apcc_db_elva/140351519947995630387
INFO: [APCC 202-1] APCC is done.
   Generating cosim.tv.exe
