#-----------------------------------------------------------
# xsim v2017.2 (64-bit)
# SW Build 1909853 on Thu Jun 15 18:39:10 MDT 2017
# IP Build 1909766 on Thu Jun 15 19:58:00 MDT 2017
# Start of session at: Tue Feb 27 17:04:24 2018
# Process ID: 30815
# Current directory: /home/angelo/Desktop/SistemiEmbedded/VivadoHLSProject/ProjectFolder/RTL_selection_sort.prj/solution1/sim/vhdl
# Command line: xsim -mode tcl -source {xsim.dir/selection_sort/xsim_script.tcl}
# Log file: /home/angelo/Desktop/SistemiEmbedded/VivadoHLSProject/ProjectFolder/RTL_selection_sort.prj/solution1/sim/vhdl/xsim.log
# Journal file: /home/angelo/Desktop/SistemiEmbedded/VivadoHLSProject/ProjectFolder/RTL_selection_sort.prj/solution1/sim/vhdl/xsim.jou
#-----------------------------------------------------------
source xsim.dir/selection_sort/xsim_script.tcl
# xsim {selection_sort} -autoloadwcfg -tclbatch {selection_sort.tcl}
Vivado Simulator 2017.2
Time resolution is 1 ps
source selection_sort.tcl
## run all
Note: simulation done!
Time: 2355 ns  Iteration: 1  Process: /apatb_selection_sort_top/generate_sim_done_proc  File: /home/angelo/Desktop/SistemiEmbedded/VivadoHLSProject/ProjectFolder/RTL_selection_sort.prj/solution1/sim/vhdl/selection_sort.autotb.vhd
Failure: NORMAL EXIT (note: failure is to force the simulator to stop)
Time: 2355 ns  Iteration: 1  Process: /apatb_selection_sort_top/generate_sim_done_proc  File: /home/angelo/Desktop/SistemiEmbedded/VivadoHLSProject/ProjectFolder/RTL_selection_sort.prj/solution1/sim/vhdl/selection_sort.autotb.vhd
$finish called at time : 2355 ns
## quit
INFO: [Common 17-206] Exiting xsim at Tue Feb 27 17:04:32 2018...
