

================================================================
== Vivado HLS Report for 'quicksort'
================================================================
* Date:           Thu Mar  1 12:20:59 2018

* Version:        2017.2 (Build 1909853 on Thu Jun 15 18:55:24 MDT 2017)
* Project:        RTL_Quicksort.prj
* Solution:       solution1
* Product family: zynq
* Target device:  xc7z020clg484-1


================================================================
== Performance Estimates
================================================================
+ Timing (ns): 
    * Summary: 
    +--------+-------+----------+------------+
    |  Clock | Target| Estimated| Uncertainty|
    +--------+-------+----------+------------+
    |ap_clk  |  10.00|      7.53|        1.25|
    +--------+-------+----------+------------+

+ Latency (clock cycles): 
    * Summary: 
    +-----+-----+-----+-----+---------+
    |  Latency  |  Interval | Pipeline|
    | min | max | min | max |   Type  |
    +-----+-----+-----+-----+---------+
    |    ?|    ?|    ?|    ?|   none  |
    +-----+-----+-----+-----+---------+

    + Detail: 
        * Instance: 
        +----------------------+-----------+-----+-----+-----+-----+---------+
        |                      |           |  Latency  |  Interval | Pipeline|
        |       Instance       |   Module  | min | max | min | max |   Type  |
        +----------------------+-----------+-----+-----+-----+-----+---------+
        |grp_partition_fu_127  |partition  |    ?|    ?|    ?|    ?|   none  |
        +----------------------+-----------+-----+-----+-----+-----+---------+

        * Loop: 
        +----------+-----+-----+----------+-----------+-----------+--------+----------+
        |          |  Latency  | Iteration|  Initiation Interval  |  Trip  |          |
        | Loop Name| min | max |  Latency |  achieved |   target  |  Count | Pipelined|
        +----------+-----+-----+----------+-----------+-----------+--------+----------+
        |- QWHILE  |    ?|    ?|         ?|          -|          -| 0 ~ 10 |    no    |
        +----------+-----+-----+----------+-----------+-----------+--------+----------+



================================================================
== Utilization Estimates
================================================================
* Summary: 
+-----------------+---------+-------+--------+-------+
|       Name      | BRAM_18K| DSP48E|   FF   |  LUT  |
+-----------------+---------+-------+--------+-------+
|DSP              |        -|      -|       -|      -|
|Expression       |        -|      -|     788|    310|
|FIFO             |        -|      -|       -|      -|
|Instance         |        -|      -|     999|    446|
|Memory           |        0|      -|     256|     20|
|Multiplexer      |        -|      -|       -|    126|
|Register         |        -|      -|     330|      -|
+-----------------+---------+-------+--------+-------+
|Total            |        0|      0|    2373|    902|
+-----------------+---------+-------+--------+-------+
|Available        |      280|    220|  106400|  53200|
+-----------------+---------+-------+--------+-------+
|Utilization (%)  |        0|      0|       2|      1|
+-----------------+---------+-------+--------+-------+

+ Detail: 
    * Instance: 
    +----------------------+-----------+---------+-------+-----+-----+
    |       Instance       |   Module  | BRAM_18K| DSP48E|  FF | LUT |
    +----------------------+-----------+---------+-------+-----+-----+
    |grp_partition_fu_127  |partition  |        0|      0|  999|  446|
    +----------------------+-----------+---------+-------+-----+-----+
    |Total                 |           |        0|      0|  999|  446|
    +----------------------+-----------+---------+-------+-----+-----+

    * DSP48: 
    N/A

    * Memory: 
    +-----------+-------------------+---------+-----+----+------+-----+------+-------------+
    |   Memory  |       Module      | BRAM_18K|  FF | LUT| Words| Bits| Banks| W*Bits*Banks|
    +-----------+-------------------+---------+-----+----+------+-----+------+-------------+
    |stack_0_U  |quicksort_stack_0  |        0|  128|  10|    10|   64|     1|          640|
    |stack_1_U  |quicksort_stack_0  |        0|  128|  10|    10|   64|     1|          640|
    +-----------+-------------------+---------+-----+----+------+-----+------+-------------+
    |Total      |                   |        0|  256|  20|    20|  128|     2|         1280|
    +-----------+-------------------+---------+-----+----+------+-----+------+-------------+

    * FIFO: 
    N/A

    * Expression: 
    +---------------------------------+----------+-------+-----+----+------------+------------+
    |          Variable Name          | Operation| DSP48E|  FF | LUT| Bitwidth P0| Bitwidth P1|
    +---------------------------------+----------+-------+-----+----+------------+------------+
    |stack_size_1_fu_171_p2           |     +    |      0|  197|  69|          64|           1|
    |stack_size_2_fu_161_p2           |     +    |      0|  197|  69|          64|           2|
    |tmp_3_fu_182_p2                  |     +    |      0|  197|  69|          64|           1|
    |tmp_5_fu_189_p2                  |     +    |      0|  197|  69|          64|           2|
    |ap_block_state4_on_subcall_done  |    and   |      0|    0|   2|           1|           1|
    |tmp_1_fu_155_p2                  |   icmp   |      0|    0|  32|          64|          64|
    +---------------------------------+----------+-------+-----+----+------------+------------+
    |Total                            |          |      0|  788| 310|         321|          71|
    +---------------------------------+----------+-------+-----+----+------------+------------+

    * Multiplexer: 
    +------------------+----+-----------+-----+-----------+
    |       Name       | LUT| Input Size| Bits| Total Bits|
    +------------------+----+-----------+-----+-----------+
    |ap_NS_fsm         |  27|          5|    1|          5|
    |stack_0_address0  |  27|          5|    4|         20|
    |stack_0_d0        |  21|          4|   64|        256|
    |stack_1_address0  |  21|          4|    4|         16|
    |stack_1_d0        |  15|          3|   64|        192|
    |stack_size_fu_46  |  15|          3|   64|        192|
    +------------------+----+-----------+-----+-----------+
    |Total             | 126|         24|  201|        681|
    +------------------+----+-----------+-----+-----------+

    * Register: 
    +--------------------------------------+----+----+-----+-----------+
    |                 Name                 | FF | LUT| Bits| Const Bits|
    +--------------------------------------+----+----+-----+-----------+
    |ap_CS_fsm                             |   4|   0|    4|          0|
    |ap_reg_grp_partition_fu_127_ap_start  |   1|   0|    1|          0|
    |base_reg_223                          |  64|   0|   64|          0|
    |stack_0_addr_reg_210                  |   4|   0|    4|          0|
    |stack_1_load_reg_228                  |  64|   0|   64|          0|
    |stack_size_1_reg_237                  |  64|   0|   64|          0|
    |stack_size_fu_46                      |  64|   0|   64|          0|
    |stack_size_load_reg_204               |  64|   0|   64|          0|
    |tmp_1_reg_233                         |   1|   0|    1|          0|
    +--------------------------------------+----+----+-----+-----------+
    |Total                                 | 330|   0|  330|          0|
    +--------------------------------------+----+----+-----+-----------+



================================================================
== Interface
================================================================
* Summary: 
+------------+-----+-----+------------+--------------+--------------+
|  RTL Ports | Dir | Bits|  Protocol  | Source Object|    C Type    |
+------------+-----+-----+------------+--------------+--------------+
|ap_clk      |  in |    1| ap_ctrl_hs |   quicksort  | return value |
|ap_rst      |  in |    1| ap_ctrl_hs |   quicksort  | return value |
|ap_start    |  in |    1| ap_ctrl_hs |   quicksort  | return value |
|ap_done     | out |    1| ap_ctrl_hs |   quicksort  | return value |
|ap_idle     | out |    1| ap_ctrl_hs |   quicksort  | return value |
|ap_ready    | out |    1| ap_ctrl_hs |   quicksort  | return value |
|i           |  in |   64|   ap_none  |       i      |    scalar    |
|f           |  in |   64|   ap_none  |       f      |    scalar    |
|a_address0  | out |    4|  ap_memory |       a      |     array    |
|a_ce0       | out |    1|  ap_memory |       a      |     array    |
|a_we0       | out |    1|  ap_memory |       a      |     array    |
|a_d0        | out |   64|  ap_memory |       a      |     array    |
|a_q0        |  in |   64|  ap_memory |       a      |     array    |
+------------+-----+-----+------------+--------------+--------------+

