INFO: [SIM 2] *************** CSIM start ***************
INFO: [SIM 4] CSIM will launch GCC as the compiler.
   Compiling(apcc) ../../../../insertion_sort_test.c in debug mode
awk: read error (Is a directory)
INFO: [HLS 200-10] Running '/home/elva/Programs/Xilinx/Vivado_HLS/2017.2/bin/unwrapped/lnx64.o/apcc'
INFO: [HLS 200-10] For user 'elva' on host 'Michele-PC' (Linux_x86_64 version 4.13.0-36-generic) on Thu Mar 01 10:48:03 CET 2018
INFO: [HLS 200-10] On os elementary OS 0.4.1 Loki
INFO: [HLS 200-10] In directory '/home/elva/Documents/ProgettoEmbedded/VivadoHLS/InsertionSort/InsertionSort/solution1/csim/build'
INFO: [APCC 202-3] Tmp directory is /tmp/apcc_db_elva/167101519897683698775
INFO: [APCC 202-1] APCC is done.
   Compiling(apcc) ../../../../insertion_sort.c in debug mode
awk: read error (Is a directory)
INFO: [HLS 200-10] Running '/home/elva/Programs/Xilinx/Vivado_HLS/2017.2/bin/unwrapped/lnx64.o/apcc'
INFO: [HLS 200-10] For user 'elva' on host 'Michele-PC' (Linux_x86_64 version 4.13.0-36-generic) on Thu Mar 01 10:48:04 CET 2018
INFO: [HLS 200-10] On os elementary OS 0.4.1 Loki
INFO: [HLS 200-10] In directory '/home/elva/Documents/ProgettoEmbedded/VivadoHLS/InsertionSort/InsertionSort/solution1/csim/build'
INFO: [APCC 202-3] Tmp directory is /tmp/apcc_db_elva/167891519897684430934
INFO: [APCC 202-1] APCC is done.
   Generating csim.exe
INFO: [SIM 1] CSim done with 0 errors.
INFO: [SIM 3] *************** CSIM finish ***************
